<?xml version="1.0" encoding="UTF-8"?>
<!-- Generated by org.testng.reporters.JUnitXMLReporter -->
<testsuite hostname="VM-HLand-QA01" name="MMVP-Login2" tests="1" failures="1" timestamp="15 Mar 2019 11:29:30 GMT" time="42.204" errors="0">
  <testcase name="TC_5533_7386" time="35.359" classname="com.ssp.regression.insurer.testscripts.US_5533">
    <failure type="java.lang.Exception" message="java.lang.Exception: java.lang.Exception: java.lang.IllegalArgumentException: Cannot find elements when the selector is null">
      <![CDATA[java.lang.Exception: java.lang.Exception: java.lang.Exception: java.lang.IllegalArgumentException: Cannot find elements when the selector is null
	at com.ssp.uxp_pages.GetTestData.getObjectXmlData(GetTestData.java:187)
	at com.ssp.support.BaseTest.testCaseSteps(BaseTest.java:59)
	at com.ssp.regression.insurer.testscripts.US_5533.TC_5533_7386(US_5533.java:44)
	at sun.reflect.NativeMethodAccessorImpl.invoke0(Native Method)
	at sun.reflect.NativeMethodAccessorImpl.invoke(Unknown Source)
	at sun.reflect.DelegatingMethodAccessorImpl.invoke(Unknown Source)
	at java.lang.reflect.Method.invoke(Unknown Source)
	at org.testng.internal.MethodInvocationHelper.invokeMethod(MethodInvocationHelper.java:84)
	at org.testng.internal.Invoker.invokeMethod(Invoker.java:714)
	at org.testng.internal.Invoker.invokeTestMethod(Invoker.java:901)
	at org.testng.internal.TestMethodWithDataProviderMethodWorker.call(TestMethodWithDataProviderMethodWorker.java:73)
	at org.testng.internal.TestMethodWithDataProviderMethodWorker.call(TestMethodWithDataProviderMethodWorker.java:14)
	at java.util.concurrent.FutureTask.run(Unknown Source)
	at java.util.concurrent.Executors$RunnableAdapter.call(Unknown Source)
	at java.util.concurrent.FutureTask.run(Unknown Source)
	at java.util.concurrent.ThreadPoolExecutor.runWorker(Unknown Source)
	at java.util.concurrent.ThreadPoolExecutor$Worker.run(Unknown Source)
	at java.lang.Thread.run(Unknown Source)
Caused by: java.lang.Exception: java.lang.Exception: java.lang.IllegalArgumentException: Cannot find elements when the selector is null
	at com.ssp.uxp_pages.GetTestData.printnote(GetTestData.java:283)
	at com.ssp.uxp_pages.GetTestData.getObjectXmlData(GetTestData.java:181)
	... 17 more
Caused by: java.lang.Exception: java.lang.IllegalArgumentException: Cannot find elements when the selector is null
	at com.ssp.uxp_pages.GetTestData.printnote(GetTestData.java:283)
	at com.ssp.uxp_pages.GetTestData.printnote(GetTestData.java:275)
	... 18 more
Caused by: java.lang.IllegalArgumentException: Cannot find elements when the selector is null
	at org.openqa.selenium.By.cssSelector(By.java:145)
	at com.ssp.uxp_pages.ActionKeyword.locatorValue(ActionKeyword.java:66)
	at com.ssp.uxp_pages.ActionKeyword.clickButtonJS(ActionKeyword.java:1142)
	at com.ssp.uxp_pages.ActionKeyword.performActionBasedOnFieldType(ActionKeyword.java:170)
	at com.ssp.uxp_pages.GetTestData.printnote(GetTestData.java:270)
	... 19 more
]]>
    </failure>
  </testcase> <!-- TC_5533_7386 -->
</testsuite> <!-- MMVP-Login2 -->
