<?xml version="1.0" encoding="UTF-8"?>
<!-- Generated by org.testng.reporters.JUnitXMLReporter -->
<testsuite hostname="VM-HLand-QA01" name="MMVP-Login5" tests="8" failures="5" timestamp="15 Mar 2019 11:32:40 GMT" time="231.635" errors="0">
  <testcase name="TC_7156_7778_01" time="36.016" classname="com.ssp.regression.insurer.testscripts.US_7156">
    <failure type="java.lang.Exception" message="java.lang.Exception: java.lang.Exception: java.lang.IllegalArgumentException: Cannot find elements when the selector is null">
      <![CDATA[java.lang.Exception: java.lang.Exception: java.lang.Exception: java.lang.IllegalArgumentException: Cannot find elements when the selector is null
	at com.ssp.uxp_pages.GetTestData.getObjectXmlData(GetTestData.java:187)
	at com.ssp.support.BaseTest.testCaseSteps(BaseTest.java:59)
	at com.ssp.regression.insurer.testscripts.US_7156.TC_7156_7778_01(US_7156.java:44)
	at sun.reflect.NativeMethodAccessorImpl.invoke0(Native Method)
	at sun.reflect.NativeMethodAccessorImpl.invoke(Unknown Source)
	at sun.reflect.DelegatingMethodAccessorImpl.invoke(Unknown Source)
	at java.lang.reflect.Method.invoke(Unknown Source)
	at org.testng.internal.MethodInvocationHelper.invokeMethod(MethodInvocationHelper.java:84)
	at org.testng.internal.Invoker.invokeMethod(Invoker.java:714)
	at org.testng.internal.Invoker.invokeTestMethod(Invoker.java:901)
	at org.testng.internal.TestMethodWithDataProviderMethodWorker.call(TestMethodWithDataProviderMethodWorker.java:73)
	at org.testng.internal.TestMethodWithDataProviderMethodWorker.call(TestMethodWithDataProviderMethodWorker.java:14)
	at java.util.concurrent.FutureTask.run(Unknown Source)
	at java.util.concurrent.Executors$RunnableAdapter.call(Unknown Source)
	at java.util.concurrent.FutureTask.run(Unknown Source)
	at java.util.concurrent.ThreadPoolExecutor.runWorker(Unknown Source)
	at java.util.concurrent.ThreadPoolExecutor$Worker.run(Unknown Source)
	at java.lang.Thread.run(Unknown Source)
Caused by: java.lang.Exception: java.lang.Exception: java.lang.IllegalArgumentException: Cannot find elements when the selector is null
	at com.ssp.uxp_pages.GetTestData.printnote(GetTestData.java:283)
	at com.ssp.uxp_pages.GetTestData.getObjectXmlData(GetTestData.java:181)
	... 17 more
Caused by: java.lang.Exception: java.lang.IllegalArgumentException: Cannot find elements when the selector is null
	at com.ssp.uxp_pages.GetTestData.printnote(GetTestData.java:283)
	at com.ssp.uxp_pages.GetTestData.printnote(GetTestData.java:275)
	... 18 more
Caused by: java.lang.IllegalArgumentException: Cannot find elements when the selector is null
	at org.openqa.selenium.By.cssSelector(By.java:145)
	at com.ssp.uxp_pages.ActionKeyword.locatorValue(ActionKeyword.java:66)
	at com.ssp.uxp_pages.ActionKeyword.clickButtonJS(ActionKeyword.java:1142)
	at com.ssp.uxp_pages.ActionKeyword.performActionBasedOnFieldType(ActionKeyword.java:170)
	at com.ssp.uxp_pages.GetTestData.printnote(GetTestData.java:270)
	... 19 more
]]>
    </failure>
  </testcase> <!-- TC_7156_7778_01 -->
  <testcase name="TC_7156_7778_02" time="0.0" classname="com.ssp.regression.insurer.testscripts.US_7156">
    <skipped/>
  </testcase> <!-- TC_7156_7778_02 -->
  <testcase name="TC_7156_7778_03" time="0.0" classname="com.ssp.regression.insurer.testscripts.US_7156">
    <skipped/>
  </testcase> <!-- TC_7156_7778_03 -->
  <testcase name="TC_7156_7778_04" time="0.0" classname="com.ssp.regression.insurer.testscripts.US_7156">
    <skipped/>
  </testcase> <!-- TC_7156_7778_04 -->
  <testcase name="TC_7156_7779" time="14.823" classname="com.ssp.regression.insurer.testscripts.US_7156">
    <failure type="java.lang.Exception" message="java.lang.Exception: java.lang.Exception: java.lang.IllegalArgumentException: Cannot find elements when the selector is null">
      <![CDATA[java.lang.Exception: java.lang.Exception: java.lang.Exception: java.lang.IllegalArgumentException: Cannot find elements when the selector is null
	at com.ssp.uxp_pages.GetTestData.getObjectXmlData(GetTestData.java:187)
	at com.ssp.support.BaseTest.testCaseSteps(BaseTest.java:59)
	at com.ssp.regression.insurer.testscripts.US_7156.TC_7156_7779(US_7156.java:128)
	at sun.reflect.NativeMethodAccessorImpl.invoke0(Native Method)
	at sun.reflect.NativeMethodAccessorImpl.invoke(Unknown Source)
	at sun.reflect.DelegatingMethodAccessorImpl.invoke(Unknown Source)
	at java.lang.reflect.Method.invoke(Unknown Source)
	at org.testng.internal.MethodInvocationHelper.invokeMethod(MethodInvocationHelper.java:84)
	at org.testng.internal.Invoker.invokeMethod(Invoker.java:714)
	at org.testng.internal.Invoker.invokeTestMethod(Invoker.java:901)
	at org.testng.internal.TestMethodWithDataProviderMethodWorker.call(TestMethodWithDataProviderMethodWorker.java:73)
	at org.testng.internal.TestMethodWithDataProviderMethodWorker.call(TestMethodWithDataProviderMethodWorker.java:14)
	at java.util.concurrent.FutureTask.run(Unknown Source)
	at java.util.concurrent.Executors$RunnableAdapter.call(Unknown Source)
	at java.util.concurrent.FutureTask.run(Unknown Source)
	at java.util.concurrent.ThreadPoolExecutor.runWorker(Unknown Source)
	at java.util.concurrent.ThreadPoolExecutor$Worker.run(Unknown Source)
	at java.lang.Thread.run(Unknown Source)
Caused by: java.lang.Exception: java.lang.Exception: java.lang.IllegalArgumentException: Cannot find elements when the selector is null
	at com.ssp.uxp_pages.GetTestData.printnote(GetTestData.java:283)
	at com.ssp.uxp_pages.GetTestData.getObjectXmlData(GetTestData.java:181)
	... 17 more
Caused by: java.lang.Exception: java.lang.IllegalArgumentException: Cannot find elements when the selector is null
	at com.ssp.uxp_pages.GetTestData.printnote(GetTestData.java:283)
	at com.ssp.uxp_pages.GetTestData.printnote(GetTestData.java:275)
	... 18 more
Caused by: java.lang.IllegalArgumentException: Cannot find elements when the selector is null
	at org.openqa.selenium.By.cssSelector(By.java:145)
	at com.ssp.uxp_pages.ActionKeyword.locatorValue(ActionKeyword.java:66)
	at com.ssp.uxp_pages.ActionKeyword.enterTextUsingActionsClass(ActionKeyword.java:749)
	at com.ssp.uxp_pages.ActionKeyword.performActionBasedOnFieldType(ActionKeyword.java:109)
	at com.ssp.uxp_pages.GetTestData.printnote(GetTestData.java:270)
	... 19 more
]]>
    </failure>
  </testcase> <!-- TC_7156_7779 -->
  <testcase name="TC_7156_7783" time="24.784" classname="com.ssp.regression.insurer.testscripts.US_7156">
    <failure type="java.lang.Exception" message="java.lang.Exception: java.lang.Exception: java.lang.IllegalArgumentException: Cannot find elements when the selector is null">
      <![CDATA[java.lang.Exception: java.lang.Exception: java.lang.Exception: java.lang.IllegalArgumentException: Cannot find elements when the selector is null
	at com.ssp.uxp_pages.GetTestData.getObjectXmlData(GetTestData.java:187)
	at com.ssp.support.BaseTest.testCaseSteps(BaseTest.java:59)
	at com.ssp.regression.insurer.testscripts.US_7156.TC_7156_7783(US_7156.java:148)
	at sun.reflect.NativeMethodAccessorImpl.invoke0(Native Method)
	at sun.reflect.NativeMethodAccessorImpl.invoke(Unknown Source)
	at sun.reflect.DelegatingMethodAccessorImpl.invoke(Unknown Source)
	at java.lang.reflect.Method.invoke(Unknown Source)
	at org.testng.internal.MethodInvocationHelper.invokeMethod(MethodInvocationHelper.java:84)
	at org.testng.internal.Invoker.invokeMethod(Invoker.java:714)
	at org.testng.internal.Invoker.invokeTestMethod(Invoker.java:901)
	at org.testng.internal.TestMethodWithDataProviderMethodWorker.call(TestMethodWithDataProviderMethodWorker.java:73)
	at org.testng.internal.TestMethodWithDataProviderMethodWorker.call(TestMethodWithDataProviderMethodWorker.java:14)
	at java.util.concurrent.FutureTask.run(Unknown Source)
	at java.util.concurrent.Executors$RunnableAdapter.call(Unknown Source)
	at java.util.concurrent.FutureTask.run(Unknown Source)
	at java.util.concurrent.ThreadPoolExecutor.runWorker(Unknown Source)
	at java.util.concurrent.ThreadPoolExecutor$Worker.run(Unknown Source)
	at java.lang.Thread.run(Unknown Source)
Caused by: java.lang.Exception: java.lang.Exception: java.lang.IllegalArgumentException: Cannot find elements when the selector is null
	at com.ssp.uxp_pages.GetTestData.printnote(GetTestData.java:283)
	at com.ssp.uxp_pages.GetTestData.getObjectXmlData(GetTestData.java:181)
	... 17 more
Caused by: java.lang.Exception: java.lang.IllegalArgumentException: Cannot find elements when the selector is null
	at com.ssp.uxp_pages.GetTestData.printnote(GetTestData.java:283)
	at com.ssp.uxp_pages.GetTestData.printnote(GetTestData.java:275)
	... 18 more
Caused by: java.lang.IllegalArgumentException: Cannot find elements when the selector is null
	at org.openqa.selenium.By.cssSelector(By.java:145)
	at com.ssp.uxp_pages.ActionKeyword.locatorValue(ActionKeyword.java:66)
	at com.ssp.uxp_pages.ActionKeyword.clickOnButton(ActionKeyword.java:859)
	at com.ssp.uxp_pages.ActionKeyword.performActionBasedOnFieldType(ActionKeyword.java:121)
	at com.ssp.uxp_pages.GetTestData.printnote(GetTestData.java:270)
	... 19 more
]]>
    </failure>
  </testcase> <!-- TC_7156_7783 -->
  <testcase name="TC_7156_7789" time="10.906" classname="com.ssp.regression.insurer.testscripts.US_7156">
    <failure type="java.lang.Exception" message="java.lang.Exception: java.lang.Exception: java.lang.IllegalArgumentException: Cannot find elements when the selector is null">
      <![CDATA[java.lang.Exception: java.lang.Exception: java.lang.Exception: java.lang.IllegalArgumentException: Cannot find elements when the selector is null
	at com.ssp.uxp_pages.GetTestData.getObjectXmlData(GetTestData.java:187)
	at com.ssp.support.BaseTest.testCaseSteps(BaseTest.java:59)
	at com.ssp.regression.insurer.testscripts.US_7156.TC_7156_7789(US_7156.java:169)
	at sun.reflect.NativeMethodAccessorImpl.invoke0(Native Method)
	at sun.reflect.NativeMethodAccessorImpl.invoke(Unknown Source)
	at sun.reflect.DelegatingMethodAccessorImpl.invoke(Unknown Source)
	at java.lang.reflect.Method.invoke(Unknown Source)
	at org.testng.internal.MethodInvocationHelper.invokeMethod(MethodInvocationHelper.java:84)
	at org.testng.internal.Invoker.invokeMethod(Invoker.java:714)
	at org.testng.internal.Invoker.invokeTestMethod(Invoker.java:901)
	at org.testng.internal.TestMethodWithDataProviderMethodWorker.call(TestMethodWithDataProviderMethodWorker.java:73)
	at org.testng.internal.TestMethodWithDataProviderMethodWorker.call(TestMethodWithDataProviderMethodWorker.java:14)
	at java.util.concurrent.FutureTask.run(Unknown Source)
	at java.util.concurrent.Executors$RunnableAdapter.call(Unknown Source)
	at java.util.concurrent.FutureTask.run(Unknown Source)
	at java.util.concurrent.ThreadPoolExecutor.runWorker(Unknown Source)
	at java.util.concurrent.ThreadPoolExecutor$Worker.run(Unknown Source)
	at java.lang.Thread.run(Unknown Source)
Caused by: java.lang.Exception: java.lang.Exception: java.lang.IllegalArgumentException: Cannot find elements when the selector is null
	at com.ssp.uxp_pages.GetTestData.printnote(GetTestData.java:283)
	at com.ssp.uxp_pages.GetTestData.getObjectXmlData(GetTestData.java:181)
	... 17 more
Caused by: java.lang.Exception: java.lang.IllegalArgumentException: Cannot find elements when the selector is null
	at com.ssp.uxp_pages.GetTestData.printnote(GetTestData.java:283)
	at com.ssp.uxp_pages.GetTestData.printnote(GetTestData.java:275)
	... 18 more
Caused by: java.lang.IllegalArgumentException: Cannot find elements when the selector is null
	at org.openqa.selenium.By.cssSelector(By.java:145)
	at com.ssp.uxp_pages.ActionKeyword.locatorValue(ActionKeyword.java:66)
	at com.ssp.uxp_pages.ActionKeyword.enterTextUsingActionsClass(ActionKeyword.java:749)
	at com.ssp.uxp_pages.ActionKeyword.performActionBasedOnFieldType(ActionKeyword.java:109)
	at com.ssp.uxp_pages.GetTestData.printnote(GetTestData.java:270)
	... 19 more
]]>
    </failure>
  </testcase> <!-- TC_7156_7789 -->
  <testcase name="TC_7156_7792" time="119.667" classname="com.ssp.regression.insurer.testscripts.US_7156">
    <failure type="java.lang.RuntimeException" message="org.openqa.selenium.NoSuchWindowException: no such window: target window already closed
from unknown error: web view not found
  (Session info: chrome=72.0.3626.121)
  (Driver info: chromedriver=2.42.591088 (7b2b2dca23cca0862f674758c9a3933e685c27d5),platform=Windows NT 6.3.9600 x86_64) (WARNING: The server did not provide any stacktrace information)
Command duration or timeout: 0 milliseconds
Build info: version: &amp;apos;3.7.1&amp;apos;, revision: &amp;apos;8a0099a&amp;apos;, time: &amp;apos;2017-11-06T21:01:39.354Z&amp;apos;
System info: host: &amp;apos;VM-HLAND-QA01&amp;apos;, ip: &amp;apos;192.168.73.155&amp;apos;, os.name: &amp;apos;Windows Server 2012 R2&amp;apos;, os.arch: &amp;apos;amd64&amp;apos;, os.version: &amp;apos;6.3&amp;apos;, java.version: &amp;apos;1.8.0_201&amp;apos;
Driver info: org.openqa.selenium.remote.RemoteWebDriver
Capabilities {acceptInsecureCerts: false, acceptSslCerts: false, applicationCacheEnabled: false, browserConnectionEnabled: false, browserName: chrome, chrome: {chromedriverVersion: 2.42.591088 (7b2b2dca23cca0..., userDataDir: C:\Users\SANDEE~1.SHA\AppDa...}, cssSelectorsEnabled: true, databaseEnabled: false, goog:chromeOptions: {debuggerAddress: localhost:49175}, handlesAlerts: true, hasTouchScreen: false, javascriptEnabled: true, locationContextEnabled: true, mobileEmulationEnabled: false, nativeEvents: true, networkConnectionEnabled: false, pageLoadStrategy: normal, platform: XP, platformName: XP, rotatable: false, setWindowRect: true, takesHeapSnapshot: true, takesScreenshot: true, unexpectedAlertBehaviour: , unhandledPromptBehavior: , version: 72.0.3626.121, webStorageEnabled: true}
Session ID: ff2f3ea0eddf98ded5e53459775fb23d">
      <![CDATA[java.lang.RuntimeException: org.openqa.selenium.NoSuchWindowException: no such window: target window already closed
from unknown error: web view not found
  (Session info: chrome=72.0.3626.121)
  (Driver info: chromedriver=2.42.591088 (7b2b2dca23cca0862f674758c9a3933e685c27d5),platform=Windows NT 6.3.9600 x86_64) (WARNING: The server did not provide any stacktrace information)
Command duration or timeout: 0 milliseconds
Build info: version: '3.7.1', revision: '8a0099a', time: '2017-11-06T21:01:39.354Z'
System info: host: 'VM-HLAND-QA01', ip: '192.168.73.155', os.name: 'Windows Server 2012 R2', os.arch: 'amd64', os.version: '6.3', java.version: '1.8.0_201'
Driver info: org.openqa.selenium.remote.RemoteWebDriver
Capabilities {acceptInsecureCerts: false, acceptSslCerts: false, applicationCacheEnabled: false, browserConnectionEnabled: false, browserName: chrome, chrome: {chromedriverVersion: 2.42.591088 (7b2b2dca23cca0..., userDataDir: C:\Users\SANDEE~1.SHA\AppDa...}, cssSelectorsEnabled: true, databaseEnabled: false, goog:chromeOptions: {debuggerAddress: localhost:49175}, handlesAlerts: true, hasTouchScreen: false, javascriptEnabled: true, locationContextEnabled: true, mobileEmulationEnabled: false, nativeEvents: true, networkConnectionEnabled: false, pageLoadStrategy: normal, platform: XP, platformName: XP, rotatable: false, setWindowRect: true, takesHeapSnapshot: true, takesScreenshot: true, unexpectedAlertBehaviour: , unhandledPromptBehavior: , version: 72.0.3626.121, webStorageEnabled: true}
Session ID: ff2f3ea0eddf98ded5e53459775fb23d
	at ru.yandex.qatools.ashot.util.InnerScript.execute(InnerScript.java:29)
	at ru.yandex.qatools.ashot.shooting.ViewportPastingDecorator.getFullHeight(ViewportPastingDecorator.java:67)
	at ru.yandex.qatools.ashot.shooting.ViewportPastingDecorator.getScreenshot(ViewportPastingDecorator.java:41)
	at ru.yandex.qatools.ashot.shooting.ViewportPastingDecorator.getScreenshot(ViewportPastingDecorator.java:35)
	at ru.yandex.qatools.ashot.AShot.takeScreenshot(AShot.java:143)
	at com.ssp.support.ScreenshotManager.takeScreenshot(ScreenshotManager.java:40)
	at com.ssp.support.Log.takeScreenShot(Log.java:138)
	at com.ssp.support.Log.exception(Log.java:888)
	at com.ssp.regression.insurer.testscripts.US_7156.TC_7156_7792(US_7156.java:192)
	at sun.reflect.NativeMethodAccessorImpl.invoke0(Native Method)
	at sun.reflect.NativeMethodAccessorImpl.invoke(Unknown Source)
	at sun.reflect.DelegatingMethodAccessorImpl.invoke(Unknown Source)
	at java.lang.reflect.Method.invoke(Unknown Source)
	at org.testng.internal.MethodInvocationHelper.invokeMethod(MethodInvocationHelper.java:84)
	at org.testng.internal.Invoker.invokeMethod(Invoker.java:714)
	at org.testng.internal.Invoker.invokeTestMethod(Invoker.java:901)
	at org.testng.internal.TestMethodWithDataProviderMethodWorker.call(TestMethodWithDataProviderMethodWorker.java:73)
	at org.testng.internal.TestMethodWithDataProviderMethodWorker.call(TestMethodWithDataProviderMethodWorker.java:14)
	at java.util.concurrent.FutureTask.run(Unknown Source)
	at java.util.concurrent.Executors$RunnableAdapter.call(Unknown Source)
	at java.util.concurrent.FutureTask.run(Unknown Source)
	at java.util.concurrent.ThreadPoolExecutor.runWorker(Unknown Source)
	at java.util.concurrent.ThreadPoolExecutor$Worker.run(Unknown Source)
	at java.lang.Thread.run(Unknown Source)
Caused by: org.openqa.selenium.NoSuchWindowException: no such window: target window already closed
from unknown error: web view not found
  (Session info: chrome=72.0.3626.121)
  (Driver info: chromedriver=2.42.591088 (7b2b2dca23cca0862f674758c9a3933e685c27d5),platform=Windows NT 6.3.9600 x86_64) (WARNING: The server did not provide any stacktrace information)
Command duration or timeout: 0 milliseconds
Build info: version: '3.7.1', revision: '8a0099a', time: '2017-11-06T21:01:39.354Z'
System info: host: 'VM-HLAND-QA01', ip: '192.168.73.155', os.name: 'Windows Server 2012 R2', os.arch: 'amd64', os.version: '6.3', java.version: '1.8.0_201'
Driver info: org.openqa.selenium.remote.RemoteWebDriver
Capabilities {acceptInsecureCerts: false, acceptSslCerts: false, applicationCacheEnabled: false, browserConnectionEnabled: false, browserName: chrome, chrome: {chromedriverVersion: 2.42.591088 (7b2b2dca23cca0..., userDataDir: C:\Users\SANDEE~1.SHA\AppDa...}, cssSelectorsEnabled: true, databaseEnabled: false, goog:chromeOptions: {debuggerAddress: localhost:49175}, handlesAlerts: true, hasTouchScreen: false, javascriptEnabled: true, locationContextEnabled: true, mobileEmulationEnabled: false, nativeEvents: true, networkConnectionEnabled: false, pageLoadStrategy: normal, platform: XP, platformName: XP, rotatable: false, setWindowRect: true, takesHeapSnapshot: true, takesScreenshot: true, unexpectedAlertBehaviour: , unhandledPromptBehavior: , version: 72.0.3626.121, webStorageEnabled: true}
Session ID: ff2f3ea0eddf98ded5e53459775fb23d
	at sun.reflect.GeneratedConstructorAccessor24.newInstance(Unknown Source)
	at sun.reflect.DelegatingConstructorAccessorImpl.newInstance(Unknown Source)
	at java.lang.reflect.Constructor.newInstance(Unknown Source)
	at org.openqa.selenium.remote.ErrorHandler.createThrowable(ErrorHandler.java:214)
	at org.openqa.selenium.remote.ErrorHandler.throwIfResponseFailed(ErrorHandler.java:166)
	at org.openqa.selenium.remote.http.JsonHttpResponseCodec.reconstructValue(JsonHttpResponseCodec.java:40)
	at org.openqa.selenium.remote.http.AbstractHttpResponseCodec.decode(AbstractHttpResponseCodec.java:80)
	at org.openqa.selenium.remote.http.AbstractHttpResponseCodec.decode(AbstractHttpResponseCodec.java:44)
	at org.openqa.selenium.remote.HttpCommandExecutor.execute(HttpCommandExecutor.java:164)
	at org.openqa.selenium.remote.RemoteWebDriver.execute(RemoteWebDriver.java:600)
	at org.openqa.selenium.remote.RemoteWebDriver.executeScript(RemoteWebDriver.java:536)
	at ru.yandex.qatools.ashot.util.InnerScript.execute(InnerScript.java:27)
	... 23 more
]]>
    </failure>
  </testcase> <!-- TC_7156_7792 -->
</testsuite> <!-- MMVP-Login5 -->
